<html>
<head>
<title>TestNG:  1</title>
<link href="../testng.css" rel="stylesheet" type="text/css" />
<link href="../my-testng.css" rel="stylesheet" type="text/css" />

<style type="text/css">
.log { display: none;} 
.stack-trace { display: none;} 
</style>
<script type="text/javascript">
<!--
function flip(e) {
  current = e.style.display;
  if (current == 'block') {
    e.style.display = 'none';
    return 0;
  }
  else {
    e.style.display = 'block';
    return 1;
  }
}

function toggleBox(szDivId, elem, msg1, msg2)
{
  var res = -1;  if (document.getElementById) {
    res = flip(document.getElementById(szDivId));
  }
  else if (document.all) {
    // this is the way old msie versions work
    res = flip(document.all[szDivId]);
  }
  if(elem) {
    if(res == 0) elem.innerHTML = msg1; else elem.innerHTML = msg2;
  }

}

function toggleAllBoxes() {
  if (document.getElementsByTagName) {
    d = document.getElementsByTagName('div');
    for (i = 0; i < d.length; i++) {
      if (d[i].className == 'log') {
        flip(d[i]);
      }
    }
  }
}

// -->
</script>

</head>
<body>
<h2 align='center'>1</h2><table border='1' align="center">
<tr>
<td>Tests passed/Failed/Skipped:</td><td>0/2/0</td>
</tr><tr>
<td>Started on:</td><td>Mon Oct 25 14:12:27 CDT 2021</td>
</tr>
<tr><td>Total time:</td><td>54 seconds (54696 ms)</td>
</tr><tr>
<td>Included groups:</td><td></td>
</tr><tr>
<td>Excluded groups:</td><td></td>
</tr>
</table><p/>
<small><i>(Hover the method name to see the test class name)</i></small><p/>
<table width='100%' border='1' class='invocation-failed'>
<tr><td colspan='4' align='center'><b>FAILED TESTS</b></td></tr>
<tr><td><b>Test method</b></td>
<td width="30%"><b>Exception</b></td>
<td width="10%"><b>Time (seconds)</b></td>
<td><b>Instance</b></td>
</tr>
<tr>
<td title='outagetesting.ParallelOutageTesting.usertest1()'><b>usertest1</b><br>Test class: outagetesting.ParallelOutageTesting</td>
<td><div><pre>org.openqa.selenium.WebDriverException: unknown error (An unknown server-side error occurred. status=&apos;false&apos;. Failed to complete internal method: &apos;elementSendText args: [NATIVE, xpath=(//*[@accessibilityLabel=&apos;LOGIN_USER_INPUT&apos;])[1], 0, cwd-1974s]&apos;, details: Failed to send text to &apos;xpath=(//*[@accessibilityLabel=&apos;LOGIN_USER_INPUT&apos;])[1]&apos;. Tap timed out.)  (WARNING: The server did not provide any stacktrace information)
Command duration or timeout: 0 milliseconds
Build info: version: &apos;3.6.0&apos;, revision: &apos;6fbf3ec767&apos;, time: &apos;2017-09-27T15:28:36.4Z&apos;
System info: host: &apos;CORPJGE5636A&apos;, ip: &apos;10.33.93.42&apos;, os.name: &apos;Windows 10&apos;, os.arch: &apos;amd64&apos;, os.version: &apos;10.0&apos;, java.version: &apos;16.0.2&apos;
Driver info: io.appium.java_client.ios.IOSDriver
Capabilities [{device.majorVersion=15, dontGoHomeOnQuit=false, device.os=iOS, noReset=false, applicationClearData=false, reservationDuration=240, install.only.for.update=false, device.version=15.0.2, automationName=XCUITest, javascriptEnabled=true, testName=MHB login test, ehmUrl=https://vpndemous3.experitest.com:443/agent-316, cloudViewLink=https://vpndemous3.experitest.com:443/agent-316/#/shMnTIFR2gvREKp0?1, device.manufacture=Apple, instrumentApp=false, device.category=PHONE, autoDismissAlerts=false, newSessionWaitTimeout=600, keystorePath=~/.android/debug.keystore, device.model=iPhone XS, appBuildVersion=, projectName=, ehmPrefixUrl=/agent-316, autoAcceptAlerts=false, dontStopAppOnReset=false, reportFormat=xml, fullReset=false, platform=IOS, deviceUDID=00008020-001D70992242002E, desired={deviceQuery=@os=&apos;ios&apos; and @category=&apos;PHONE&apos;, bundleId=com.mobileheartbeat.mhcure.enterprise, platformName=iOS, testName=MHB login test}, device.serialNumber=00008020-001D70992242002E, locationServicesAuthorized=false, deviceQuery=@os=&apos;ios&apos; and @category=&apos;PHONE&apos;, reportDirectory=reports, autoWebview=false, udid=00008020-001D70992242002E, platformName=IOS, device.screenSize=1125x2436, useKeystore=false, test.type=Mobile, commandTimeouts=120000, appiumVersion=1.8.0, bundleId=com.mobileheartbeat.mhcure.enterprise, reportUrl=https://vpndemous3.experitest.com:443/reporter/#/test/677/project/Default/, installOnlyForUpdate=false, waitForDeviceTimeout=120000, device.name=iPhone XS HCA-007, reportTestId=677, autoGrantPermissions=false, appReleaseVersion=, takeScreenshots=true, gridNodePort=7785}]
Session ID: CLOUD-SID:2021-10-25_19-12-28-768745c0-9510-410b-8736-1a192a7a0397
	at org.openqa.selenium.remote.ErrorHandler.createThrowable(ErrorHandler.java:214)
	at org.openqa.selenium.remote.ErrorHandler.throwIfResponseFailed(ErrorHandler.java:166)
	at org.openqa.selenium.remote.http.JsonHttpResponseCodec.reconstructValue(JsonHttpResponseCodec.java:40)
	at org.openqa.selenium.remote.http.AbstractHttpResponseCodec.decode(AbstractHttpResponseCodec.java:82)
	at org.openqa.selenium.remote.http.AbstractHttpResponseCodec.decode(AbstractHttpResponseCodec.java:45)
	at org.openqa.selenium.remote.HttpCommandExecutor.execute(HttpCommandExecutor.java:164)
	at io.appium.java_client.remote.AppiumCommandExecutor.execute(AppiumCommandExecutor.java:89)
	at org.openqa.selenium.remote.RemoteWebDriver.execute(RemoteWebDriver.java:586)
	at io.appium.java_client.DefaultGenericMobileDriver.execute(DefaultGenericMobileDriver.java:42)
	at io.appium.java_client.AppiumDriver.execute(AppiumDriver.java:1)
	at io.appium.java_client.ios.IOSDriver.execute(IOSDriver.java:1)
	at org.openqa.selenium.remote.RemoteWebElement.execute(RemoteWebElement.java:279)
	at io.appium.java_client.DefaultGenericMobileElement.execute(DefaultGenericMobileElement.java:45)
	at io.appium.java_client.MobileElement.execute(MobileElement.java:1)
	at io.appium.java_client.ios.IOSElement.execute(IOSElement.java:1)
	at org.openqa.selenium.remote.RemoteWebElement.sendKeys(RemoteWebElement.java:100)
	at outagetesting.ParallelOutageTesting.usertest1(ParallelOutageTesting.java:15)
	at java.base/java.util.ArrayList.forEach(ArrayList.java:1511)
	at java.base/java.util.concurrent.FutureTask.run(FutureTask.java:264)
	at java.base/java.util.concurrent.ThreadPoolExecutor.runWorker(ThreadPoolExecutor.java:1130)
	at java.base/java.util.concurrent.ThreadPoolExecutor$Worker.run(ThreadPoolExecutor.java:630)
	at java.base/java.lang.Thread.run(Thread.java:831)
... Removed 23 stack frames</pre></div><a href='#' onClick='toggleBox("stack-trace42594915", this, "Click to show all stack frames", "Click to hide stack frames")'>Click to show all stack frames</a>
<div class='stack-trace' id='stack-trace42594915'><pre>org.openqa.selenium.WebDriverException: unknown error (An unknown server-side error occurred. status=&apos;false&apos;. Failed to complete internal method: &apos;elementSendText args: [NATIVE, xpath=(//*[@accessibilityLabel=&apos;LOGIN_USER_INPUT&apos;])[1], 0, cwd-1974s]&apos;, details: Failed to send text to &apos;xpath=(//*[@accessibilityLabel=&apos;LOGIN_USER_INPUT&apos;])[1]&apos;. Tap timed out.)  (WARNING: The server did not provide any stacktrace information)
Command duration or timeout: 0 milliseconds
Build info: version: &apos;3.6.0&apos;, revision: &apos;6fbf3ec767&apos;, time: &apos;2017-09-27T15:28:36.4Z&apos;
System info: host: &apos;CORPJGE5636A&apos;, ip: &apos;10.33.93.42&apos;, os.name: &apos;Windows 10&apos;, os.arch: &apos;amd64&apos;, os.version: &apos;10.0&apos;, java.version: &apos;16.0.2&apos;
Driver info: io.appium.java_client.ios.IOSDriver
Capabilities [{device.majorVersion=15, dontGoHomeOnQuit=false, device.os=iOS, noReset=false, applicationClearData=false, reservationDuration=240, install.only.for.update=false, device.version=15.0.2, automationName=XCUITest, javascriptEnabled=true, testName=MHB login test, ehmUrl=https://vpndemous3.experitest.com:443/agent-316, cloudViewLink=https://vpndemous3.experitest.com:443/agent-316/#/shMnTIFR2gvREKp0?1, device.manufacture=Apple, instrumentApp=false, device.category=PHONE, autoDismissAlerts=false, newSessionWaitTimeout=600, keystorePath=~/.android/debug.keystore, device.model=iPhone XS, appBuildVersion=, projectName=, ehmPrefixUrl=/agent-316, autoAcceptAlerts=false, dontStopAppOnReset=false, reportFormat=xml, fullReset=false, platform=IOS, deviceUDID=00008020-001D70992242002E, desired={deviceQuery=@os=&apos;ios&apos; and @category=&apos;PHONE&apos;, bundleId=com.mobileheartbeat.mhcure.enterprise, platformName=iOS, testName=MHB login test}, device.serialNumber=00008020-001D70992242002E, locationServicesAuthorized=false, deviceQuery=@os=&apos;ios&apos; and @category=&apos;PHONE&apos;, reportDirectory=reports, autoWebview=false, udid=00008020-001D70992242002E, platformName=IOS, device.screenSize=1125x2436, useKeystore=false, test.type=Mobile, commandTimeouts=120000, appiumVersion=1.8.0, bundleId=com.mobileheartbeat.mhcure.enterprise, reportUrl=https://vpndemous3.experitest.com:443/reporter/#/test/677/project/Default/, installOnlyForUpdate=false, waitForDeviceTimeout=120000, device.name=iPhone XS HCA-007, reportTestId=677, autoGrantPermissions=false, appReleaseVersion=, takeScreenshots=true, gridNodePort=7785}]
Session ID: CLOUD-SID:2021-10-25_19-12-28-768745c0-9510-410b-8736-1a192a7a0397
	at java.base/jdk.internal.reflect.NativeConstructorAccessorImpl.newInstance0(Native Method)
	at java.base/jdk.internal.reflect.NativeConstructorAccessorImpl.newInstance(NativeConstructorAccessorImpl.java:78)
	at java.base/jdk.internal.reflect.DelegatingConstructorAccessorImpl.newInstance(DelegatingConstructorAccessorImpl.java:45)
	at java.base/java.lang.reflect.Constructor.newInstanceWithCaller(Constructor.java:499)
	at java.base/java.lang.reflect.Constructor.newInstance(Constructor.java:480)
	at org.openqa.selenium.remote.ErrorHandler.createThrowable(ErrorHandler.java:214)
	at org.openqa.selenium.remote.ErrorHandler.throwIfResponseFailed(ErrorHandler.java:166)
	at org.openqa.selenium.remote.http.JsonHttpResponseCodec.reconstructValue(JsonHttpResponseCodec.java:40)
	at org.openqa.selenium.remote.http.AbstractHttpResponseCodec.decode(AbstractHttpResponseCodec.java:82)
	at org.openqa.selenium.remote.http.AbstractHttpResponseCodec.decode(AbstractHttpResponseCodec.java:45)
	at org.openqa.selenium.remote.HttpCommandExecutor.execute(HttpCommandExecutor.java:164)
	at io.appium.java_client.remote.AppiumCommandExecutor.execute(AppiumCommandExecutor.java:89)
	at org.openqa.selenium.remote.RemoteWebDriver.execute(RemoteWebDriver.java:586)
	at io.appium.java_client.DefaultGenericMobileDriver.execute(DefaultGenericMobileDriver.java:42)
	at io.appium.java_client.AppiumDriver.execute(AppiumDriver.java:1)
	at io.appium.java_client.ios.IOSDriver.execute(IOSDriver.java:1)
	at org.openqa.selenium.remote.RemoteWebElement.execute(RemoteWebElement.java:279)
	at io.appium.java_client.DefaultGenericMobileElement.execute(DefaultGenericMobileElement.java:45)
	at io.appium.java_client.MobileElement.execute(MobileElement.java:1)
	at io.appium.java_client.ios.IOSElement.execute(IOSElement.java:1)
	at org.openqa.selenium.remote.RemoteWebElement.sendKeys(RemoteWebElement.java:100)
	at outagetesting.ParallelOutageTesting.usertest1(ParallelOutageTesting.java:15)
	at java.base/jdk.internal.reflect.NativeMethodAccessorImpl.invoke0(Native Method)
	at java.base/jdk.internal.reflect.NativeMethodAccessorImpl.invoke(NativeMethodAccessorImpl.java:78)
	at java.base/jdk.internal.reflect.DelegatingMethodAccessorImpl.invoke(DelegatingMethodAccessorImpl.java:43)
	at java.base/java.lang.reflect.Method.invoke(Method.java:567)
	at org.testng.internal.MethodInvocationHelper.invokeMethod(MethodInvocationHelper.java:133)
	at org.testng.internal.TestInvoker.invokeMethod(TestInvoker.java:598)
	at org.testng.internal.TestInvoker.invokeTestMethod(TestInvoker.java:173)
	at org.testng.internal.MethodRunner.runInSequence(MethodRunner.java:46)
	at org.testng.internal.TestInvoker$MethodInvocationAgent.invoke(TestInvoker.java:824)
	at org.testng.internal.TestInvoker.invokeTestMethods(TestInvoker.java:146)
	at org.testng.internal.TestMethodWorker.invokeTestMethods(TestMethodWorker.java:146)
	at org.testng.internal.TestMethodWorker.run(TestMethodWorker.java:128)
	at java.base/java.util.ArrayList.forEach(ArrayList.java:1511)
	at org.testng.TestRunner.privateRun(TestRunner.java:794)
	at org.testng.TestRunner.run(TestRunner.java:596)
	at org.testng.SuiteRunner.runTest(SuiteRunner.java:377)
	at org.testng.SuiteRunner.access$000(SuiteRunner.java:28)
	at org.testng.SuiteRunner$SuiteWorker.run(SuiteRunner.java:418)
	at org.testng.internal.thread.ThreadUtil.lambda$execute$0(ThreadUtil.java:64)
	at java.base/java.util.concurrent.FutureTask.run(FutureTask.java:264)
	at java.base/java.util.concurrent.ThreadPoolExecutor.runWorker(ThreadPoolExecutor.java:1130)
	at java.base/java.util.concurrent.ThreadPoolExecutor$Worker.run(ThreadPoolExecutor.java:630)
	at java.base/java.lang.Thread.run(Thread.java:831)
</pre></div></td>
<td>11</td>
<td>outagetesting.ParallelOutageTesting@3f6b0be5</td></tr>
<tr>
<td title='outagetesting.ParallelOutageTesting.usertest2()'><b>usertest2</b><br>Test class: outagetesting.ParallelOutageTesting</td>
<td><div><pre>org.openqa.selenium.WebDriverException: unknown error (An unknown server-side error occurred. status=&apos;false&apos;. Failed to complete internal method: &apos;elementSendText args: [NATIVE, xpath=(//*[@accessibilityLabel=&apos;LOGIN_USER_INPUT&apos;])[1], 0, cwd-1974s]&apos;, details: Failed to send text to &apos;xpath=(//*[@accessibilityLabel=&apos;LOGIN_USER_INPUT&apos;])[1]&apos;. Tap timed out.)  (WARNING: The server did not provide any stacktrace information)
Command duration or timeout: 0 milliseconds
Build info: version: &apos;3.6.0&apos;, revision: &apos;6fbf3ec767&apos;, time: &apos;2017-09-27T15:28:36.4Z&apos;
System info: host: &apos;CORPJGE5636A&apos;, ip: &apos;10.33.93.42&apos;, os.name: &apos;Windows 10&apos;, os.arch: &apos;amd64&apos;, os.version: &apos;10.0&apos;, java.version: &apos;16.0.2&apos;
Driver info: io.appium.java_client.ios.IOSDriver
Capabilities [{device.majorVersion=15, dontGoHomeOnQuit=false, device.os=iOS, noReset=false, applicationClearData=false, reservationDuration=240, install.only.for.update=false, device.version=15.0.2, automationName=XCUITest, javascriptEnabled=true, testName=MHB login test, ehmUrl=https://vpndemous3.experitest.com:443/agent-316, cloudViewLink=https://vpndemous3.experitest.com:443/agent-316/#/shMnTIFR2gvREKp0?1, device.manufacture=Apple, instrumentApp=false, device.category=PHONE, autoDismissAlerts=false, newSessionWaitTimeout=600, keystorePath=~/.android/debug.keystore, device.model=iPhone XS, appBuildVersion=, projectName=, ehmPrefixUrl=/agent-316, autoAcceptAlerts=false, dontStopAppOnReset=false, reportFormat=xml, fullReset=false, platform=IOS, deviceUDID=00008020-001D70992242002E, desired={deviceQuery=@os=&apos;ios&apos; and @category=&apos;PHONE&apos;, bundleId=com.mobileheartbeat.mhcure.enterprise, platformName=iOS, testName=MHB login test}, device.serialNumber=00008020-001D70992242002E, locationServicesAuthorized=false, deviceQuery=@os=&apos;ios&apos; and @category=&apos;PHONE&apos;, reportDirectory=reports, autoWebview=false, udid=00008020-001D70992242002E, platformName=IOS, device.screenSize=1125x2436, useKeystore=false, test.type=Mobile, commandTimeouts=120000, appiumVersion=1.8.0, bundleId=com.mobileheartbeat.mhcure.enterprise, reportUrl=https://vpndemous3.experitest.com:443/reporter/#/test/677/project/Default/, installOnlyForUpdate=false, waitForDeviceTimeout=120000, device.name=iPhone XS HCA-007, reportTestId=677, autoGrantPermissions=false, appReleaseVersion=, takeScreenshots=true, gridNodePort=7785}]
Session ID: CLOUD-SID:2021-10-25_19-12-28-768745c0-9510-410b-8736-1a192a7a0397
	at org.openqa.selenium.remote.ErrorHandler.createThrowable(ErrorHandler.java:214)
	at org.openqa.selenium.remote.ErrorHandler.throwIfResponseFailed(ErrorHandler.java:166)
	at org.openqa.selenium.remote.http.JsonHttpResponseCodec.reconstructValue(JsonHttpResponseCodec.java:40)
	at org.openqa.selenium.remote.http.AbstractHttpResponseCodec.decode(AbstractHttpResponseCodec.java:82)
	at org.openqa.selenium.remote.http.AbstractHttpResponseCodec.decode(AbstractHttpResponseCodec.java:45)
	at org.openqa.selenium.remote.HttpCommandExecutor.execute(HttpCommandExecutor.java:164)
	at io.appium.java_client.remote.AppiumCommandExecutor.execute(AppiumCommandExecutor.java:89)
	at org.openqa.selenium.remote.RemoteWebDriver.execute(RemoteWebDriver.java:586)
	at io.appium.java_client.DefaultGenericMobileDriver.execute(DefaultGenericMobileDriver.java:42)
	at io.appium.java_client.AppiumDriver.execute(AppiumDriver.java:1)
	at io.appium.java_client.ios.IOSDriver.execute(IOSDriver.java:1)
	at org.openqa.selenium.remote.RemoteWebElement.execute(RemoteWebElement.java:279)
	at io.appium.java_client.DefaultGenericMobileElement.execute(DefaultGenericMobileElement.java:45)
	at io.appium.java_client.MobileElement.execute(MobileElement.java:1)
	at io.appium.java_client.ios.IOSElement.execute(IOSElement.java:1)
	at org.openqa.selenium.remote.RemoteWebElement.sendKeys(RemoteWebElement.java:100)
	at outagetesting.ParallelOutageTesting.usertest2(ParallelOutageTesting.java:35)
	at java.base/java.util.ArrayList.forEach(ArrayList.java:1511)
	at java.base/java.util.concurrent.FutureTask.run(FutureTask.java:264)
	at java.base/java.util.concurrent.ThreadPoolExecutor.runWorker(ThreadPoolExecutor.java:1130)
	at java.base/java.util.concurrent.ThreadPoolExecutor$Worker.run(ThreadPoolExecutor.java:630)
	at java.base/java.lang.Thread.run(Thread.java:831)
... Removed 23 stack frames</pre></div><a href='#' onClick='toggleBox("stack-trace316623317", this, "Click to show all stack frames", "Click to hide stack frames")'>Click to show all stack frames</a>
<div class='stack-trace' id='stack-trace316623317'><pre>org.openqa.selenium.WebDriverException: unknown error (An unknown server-side error occurred. status=&apos;false&apos;. Failed to complete internal method: &apos;elementSendText args: [NATIVE, xpath=(//*[@accessibilityLabel=&apos;LOGIN_USER_INPUT&apos;])[1], 0, cwd-1974s]&apos;, details: Failed to send text to &apos;xpath=(//*[@accessibilityLabel=&apos;LOGIN_USER_INPUT&apos;])[1]&apos;. Tap timed out.)  (WARNING: The server did not provide any stacktrace information)
Command duration or timeout: 0 milliseconds
Build info: version: &apos;3.6.0&apos;, revision: &apos;6fbf3ec767&apos;, time: &apos;2017-09-27T15:28:36.4Z&apos;
System info: host: &apos;CORPJGE5636A&apos;, ip: &apos;10.33.93.42&apos;, os.name: &apos;Windows 10&apos;, os.arch: &apos;amd64&apos;, os.version: &apos;10.0&apos;, java.version: &apos;16.0.2&apos;
Driver info: io.appium.java_client.ios.IOSDriver
Capabilities [{device.majorVersion=15, dontGoHomeOnQuit=false, device.os=iOS, noReset=false, applicationClearData=false, reservationDuration=240, install.only.for.update=false, device.version=15.0.2, automationName=XCUITest, javascriptEnabled=true, testName=MHB login test, ehmUrl=https://vpndemous3.experitest.com:443/agent-316, cloudViewLink=https://vpndemous3.experitest.com:443/agent-316/#/shMnTIFR2gvREKp0?1, device.manufacture=Apple, instrumentApp=false, device.category=PHONE, autoDismissAlerts=false, newSessionWaitTimeout=600, keystorePath=~/.android/debug.keystore, device.model=iPhone XS, appBuildVersion=, projectName=, ehmPrefixUrl=/agent-316, autoAcceptAlerts=false, dontStopAppOnReset=false, reportFormat=xml, fullReset=false, platform=IOS, deviceUDID=00008020-001D70992242002E, desired={deviceQuery=@os=&apos;ios&apos; and @category=&apos;PHONE&apos;, bundleId=com.mobileheartbeat.mhcure.enterprise, platformName=iOS, testName=MHB login test}, device.serialNumber=00008020-001D70992242002E, locationServicesAuthorized=false, deviceQuery=@os=&apos;ios&apos; and @category=&apos;PHONE&apos;, reportDirectory=reports, autoWebview=false, udid=00008020-001D70992242002E, platformName=IOS, device.screenSize=1125x2436, useKeystore=false, test.type=Mobile, commandTimeouts=120000, appiumVersion=1.8.0, bundleId=com.mobileheartbeat.mhcure.enterprise, reportUrl=https://vpndemous3.experitest.com:443/reporter/#/test/677/project/Default/, installOnlyForUpdate=false, waitForDeviceTimeout=120000, device.name=iPhone XS HCA-007, reportTestId=677, autoGrantPermissions=false, appReleaseVersion=, takeScreenshots=true, gridNodePort=7785}]
Session ID: CLOUD-SID:2021-10-25_19-12-28-768745c0-9510-410b-8736-1a192a7a0397
	at java.base/jdk.internal.reflect.NativeConstructorAccessorImpl.newInstance0(Native Method)
	at java.base/jdk.internal.reflect.NativeConstructorAccessorImpl.newInstance(NativeConstructorAccessorImpl.java:78)
	at java.base/jdk.internal.reflect.DelegatingConstructorAccessorImpl.newInstance(DelegatingConstructorAccessorImpl.java:45)
	at java.base/java.lang.reflect.Constructor.newInstanceWithCaller(Constructor.java:499)
	at java.base/java.lang.reflect.Constructor.newInstance(Constructor.java:480)
	at org.openqa.selenium.remote.ErrorHandler.createThrowable(ErrorHandler.java:214)
	at org.openqa.selenium.remote.ErrorHandler.throwIfResponseFailed(ErrorHandler.java:166)
	at org.openqa.selenium.remote.http.JsonHttpResponseCodec.reconstructValue(JsonHttpResponseCodec.java:40)
	at org.openqa.selenium.remote.http.AbstractHttpResponseCodec.decode(AbstractHttpResponseCodec.java:82)
	at org.openqa.selenium.remote.http.AbstractHttpResponseCodec.decode(AbstractHttpResponseCodec.java:45)
	at org.openqa.selenium.remote.HttpCommandExecutor.execute(HttpCommandExecutor.java:164)
	at io.appium.java_client.remote.AppiumCommandExecutor.execute(AppiumCommandExecutor.java:89)
	at org.openqa.selenium.remote.RemoteWebDriver.execute(RemoteWebDriver.java:586)
	at io.appium.java_client.DefaultGenericMobileDriver.execute(DefaultGenericMobileDriver.java:42)
	at io.appium.java_client.AppiumDriver.execute(AppiumDriver.java:1)
	at io.appium.java_client.ios.IOSDriver.execute(IOSDriver.java:1)
	at org.openqa.selenium.remote.RemoteWebElement.execute(RemoteWebElement.java:279)
	at io.appium.java_client.DefaultGenericMobileElement.execute(DefaultGenericMobileElement.java:45)
	at io.appium.java_client.MobileElement.execute(MobileElement.java:1)
	at io.appium.java_client.ios.IOSElement.execute(IOSElement.java:1)
	at org.openqa.selenium.remote.RemoteWebElement.sendKeys(RemoteWebElement.java:100)
	at outagetesting.ParallelOutageTesting.usertest2(ParallelOutageTesting.java:35)
	at java.base/jdk.internal.reflect.NativeMethodAccessorImpl.invoke0(Native Method)
	at java.base/jdk.internal.reflect.NativeMethodAccessorImpl.invoke(NativeMethodAccessorImpl.java:78)
	at java.base/jdk.internal.reflect.DelegatingMethodAccessorImpl.invoke(DelegatingMethodAccessorImpl.java:43)
	at java.base/java.lang.reflect.Method.invoke(Method.java:567)
	at org.testng.internal.MethodInvocationHelper.invokeMethod(MethodInvocationHelper.java:133)
	at org.testng.internal.TestInvoker.invokeMethod(TestInvoker.java:598)
	at org.testng.internal.TestInvoker.invokeTestMethod(TestInvoker.java:173)
	at org.testng.internal.MethodRunner.runInSequence(MethodRunner.java:46)
	at org.testng.internal.TestInvoker$MethodInvocationAgent.invoke(TestInvoker.java:824)
	at org.testng.internal.TestInvoker.invokeTestMethods(TestInvoker.java:146)
	at org.testng.internal.TestMethodWorker.invokeTestMethods(TestMethodWorker.java:146)
	at org.testng.internal.TestMethodWorker.run(TestMethodWorker.java:128)
	at java.base/java.util.ArrayList.forEach(ArrayList.java:1511)
	at org.testng.TestRunner.privateRun(TestRunner.java:794)
	at org.testng.TestRunner.run(TestRunner.java:596)
	at org.testng.SuiteRunner.runTest(SuiteRunner.java:377)
	at org.testng.SuiteRunner.access$000(SuiteRunner.java:28)
	at org.testng.SuiteRunner$SuiteWorker.run(SuiteRunner.java:418)
	at org.testng.internal.thread.ThreadUtil.lambda$execute$0(ThreadUtil.java:64)
	at java.base/java.util.concurrent.FutureTask.run(FutureTask.java:264)
	at java.base/java.util.concurrent.ThreadPoolExecutor.runWorker(ThreadPoolExecutor.java:1130)
	at java.base/java.util.concurrent.ThreadPoolExecutor$Worker.run(ThreadPoolExecutor.java:630)
	at java.base/java.lang.Thread.run(Thread.java:831)
</pre></div></td>
<td>14</td>
<td>outagetesting.ParallelOutageTesting@3f6b0be5</td></tr>
</table><p>
</body>
</html>